[     863ms] [ERROR] Access to script at 'https://sman1baleendah.sch.id/build/assets/imageUtils-wYQj-GuB.js' from origin 'https://dev.sman1baleendah.sch.id' has been blocked by CORS policy: No 'Access-Control-Allow-Origin' header is present on the requested resource. @ https://dev.sman1baleendah.sch.id/berita-pengumuman:0
[     863ms] [ERROR] Failed to load resource: net::ERR_FAILED @ https://sman1baleendah.sch.id/build/assets/imageUtils-wYQj-GuB.js:0
[     864ms] [ERROR] Access to script at 'https://sman1baleendah.sch.id/build/assets/markdown-vendor-rTHIttZq.js' from origin 'https://dev.sman1baleendah.sch.id' has been blocked by CORS policy: No 'Access-Control-Allow-Origin' header is present on the requested resource. @ https://dev.sman1baleendah.sch.id/berita-pengumuman:0
[     864ms] [ERROR] Failed to load resource: net::ERR_FAILED @ https://sman1baleendah.sch.id/build/assets/markdown-vendor-rTHIttZq.js:0
[     874ms] [ERROR] Access to script at 'https://sman1baleendah.sch.id/build/assets/ui-vendor-DZG40uIE.js' from origin 'https://dev.sman1baleendah.sch.id' has been blocked by CORS policy: No 'Access-Control-Allow-Origin' header is present on the requested resource. @ https://dev.sman1baleendah.sch.id/berita-pengumuman:0
[     874ms] [ERROR] Failed to load resource: net::ERR_FAILED @ https://sman1baleendah.sch.id/build/assets/ui-vendor-DZG40uIE.js:0
[     874ms] [ERROR] Access to script at 'https://sman1baleendah.sch.id/build/assets/SEOHead-MoEbVzhY.js' from origin 'https://dev.sman1baleendah.sch.id' has been blocked by CORS policy: No 'Access-Control-Allow-Origin' header is present on the requested resource. @ https://dev.sman1baleendah.sch.id/berita-pengumuman:0
[     875ms] [ERROR] Failed to load resource: net::ERR_FAILED @ https://sman1baleendah.sch.id/build/assets/SEOHead-MoEbVzhY.js:0
[     875ms] [ERROR] Access to script at 'https://sman1baleendah.sch.id/build/assets/ResponsiveImage-C40ZQYkh.js' from origin 'https://dev.sman1baleendah.sch.id' has been blocked by CORS policy: No 'Access-Control-Allow-Origin' header is present on the requested resource. @ https://dev.sman1baleendah.sch.id/berita-pengumuman:0
[     875ms] [ERROR] Failed to load resource: net::ERR_FAILED @ https://sman1baleendah.sch.id/build/assets/ResponsiveImage-C40ZQYkh.js:0
[     875ms] [ERROR] Access to script at 'https://sman1baleendah.sch.id/build/assets/Footer-p673DaeU.js' from origin 'https://dev.sman1baleendah.sch.id' has been blocked by CORS policy: No 'Access-Control-Allow-Origin' header is present on the requested resource. @ https://dev.sman1baleendah.sch.id/berita-pengumuman:0
[     876ms] [ERROR] Failed to load resource: net::ERR_FAILED @ https://sman1baleendah.sch.id/build/assets/Footer-p673DaeU.js:0
[     924ms] [WARNING] ChatWidget: usePage() not available, using default site name @ https://dev.sman1baleendah.sch.id/build/assets/app-IQ-zaZaa.js:2
[    1001ms] [WARNING] ChatWidget: usePage() not available, using default site name @ https://dev.sman1baleendah.sch.id/build/assets/app-IQ-zaZaa.js:2
[    1003ms] [ERROR] Access to script at 'https://sman1baleendah.sch.id/build/assets/BeritaPengumumanPage-Dk_o7cpi.js' from origin 'https://dev.sman1baleendah.sch.id' has been blocked by CORS policy: No 'Access-Control-Allow-Origin' header is present on the requested resource. @ https://dev.sman1baleendah.sch.id/berita-pengumuman:0
[    1004ms] [ERROR] Failed to load resource: net::ERR_FAILED @ https://sman1baleendah.sch.id/build/assets/BeritaPengumumanPage-Dk_o7cpi.js:0
[    1004ms] [ERROR] Access to script at 'https://sman1baleendah.sch.id/build/assets/react-vendor-CqnLuc-G.js' from origin 'https://dev.sman1baleendah.sch.id' has been blocked by CORS policy: No 'Access-Control-Allow-Origin' header is present on the requested resource. @ https://dev.sman1baleendah.sch.id/berita-pengumuman:0
[    1004ms] [ERROR] Failed to load resource: net::ERR_FAILED @ https://sman1baleendah.sch.id/build/assets/react-vendor-CqnLuc-G.js:0
[    1004ms] [ERROR] Access to script at 'https://sman1baleendah.sch.id/build/assets/app-IQ-zaZaa.js' from origin 'https://dev.sman1baleendah.sch.id' has been blocked by CORS policy: No 'Access-Control-Allow-Origin' header is present on the requested resource. @ https://dev.sman1baleendah.sch.id/berita-pengumuman:0
[    1004ms] [ERROR] Failed to load resource: net::ERR_FAILED @ https://sman1baleendah.sch.id/build/assets/app-IQ-zaZaa.js:0
[    1004ms] [ERROR] Access to script at 'https://sman1baleendah.sch.id/build/assets/typography-ChUjANkt.js' from origin 'https://dev.sman1baleendah.sch.id' has been blocked by CORS policy: No 'Access-Control-Allow-Origin' header is present on the requested resource. @ https://dev.sman1baleendah.sch.id/berita-pengumuman:0
[    1004ms] [ERROR] Failed to load resource: net::ERR_FAILED @ https://sman1baleendah.sch.id/build/assets/typography-ChUjANkt.js:0
[    1004ms] [ERROR] Access to script at 'https://sman1baleendah.sch.id/build/assets/inertia-vendor-zm1CR-vE.js' from origin 'https://dev.sman1baleendah.sch.id' has been blocked by CORS policy: No 'Access-Control-Allow-Origin' header is present on the requested resource. @ https://dev.sman1baleendah.sch.id/berita-pengumuman:0
[    1004ms] [ERROR] Failed to load resource: net::ERR_FAILED @ https://sman1baleendah.sch.id/build/assets/inertia-vendor-zm1CR-vE.js:0
[    6450ms] [WARNING] The resource https://sman1baleendah.sch.id/build/assets/app-FKy6uALb.css was preloaded using link preload but not used within a few seconds from the window's load event. Please make sure it has an appropriate `as` value and it is preloaded intentionally. @ https://dev.sman1baleendah.sch.id/berita-pengumuman:0
