[      43ms] [ERROR] Failed to load resource: net::ERR_CONNECTION_REFUSED @ http://localhost/images/hero-bg-sman1baleendah.jpeg:0
[     250ms] [INFO] %cDownload the React DevTools for a better development experience: https://reactjs.org/link/react-devtools font-weight:bold @ http://[::1]:5173/build/node_modules/.vite/deps/chunk-KDCVS43I.js?v=28e30c56:21608
[     309ms] [WARNING] ChatWidget: usePage() not available, using default site name @ http://[::1]:5173/build/resources/js/Components/ChatWidget.jsx?t=1775619643443:51
[     379ms] [WARNING] ChatWidget: usePage() not available, using default site name @ http://[::1]:5173/build/resources/js/Components/ChatWidget.jsx?t=1775619643443:51
[     386ms] [ERROR] Failed to load resource: net::ERR_CONNECTION_REFUSED @ http://localhost/favicon.ico:0
[     408ms] [ERROR] Failed to load resource: net::ERR_CONNECTION_REFUSED @ http://localhost/favicon.ico:0
[     418ms] [ERROR] Failed to load resource: net::ERR_CONNECTION_REFUSED @ http://localhost/favicon.ico:0
[    3457ms] [WARNING] The resource http://localhost/images/hero-bg-sman1baleendah.jpeg was preloaded using link preload but not used within a few seconds from the window's load event. Please make sure it has an appropriate `as` value and it is preloaded intentionally. @ http://localhost:8000/:0
[  147469ms] [ERROR] Failed to load resource: the server responded with a status of 504 (Outdated Optimize Dep) @ http://[::1]:5173/build/node_modules/.vite/deps/@headlessui_react.js?v=739f3e8a:0
[  147472ms] Failed to fetch dynamically imported module: http://[::1]:5173/build/resources/js/Pages/ProfilSekolahPage.jsx
[  150470ms] [WARNING] The resource http://localhost/images/hero-bg-sman1baleendah.jpeg was preloaded using link preload but not used within a few seconds from the window's load event. Please make sure it has an appropriate `as` value and it is preloaded intentionally. @ http://localhost:8000/:0
[  328331ms] [LOG] [vite] server connection lost. Polling for restart... @ http://[::1]:5173/build/@vite/client:963
[  328333ms] [ERROR] WebSocket connection to 'ws://[::1]:5173/build/' failed: Error in connection establishment: net::ERR_CONNECTION_REFUSED @ http://[::1]:5173/build/@vite/client:1034
[  329334ms] [ERROR] WebSocket connection to 'ws://[::1]:5173/build/' failed: Error in connection establishment: net::ERR_CONNECTION_REFUSED @ http://[::1]:5173/build/@vite/client:1034
[  330335ms] [ERROR] WebSocket connection to 'ws://[::1]:5173/build/' failed: Error in connection establishment: net::ERR_CONNECTION_REFUSED @ http://[::1]:5173/build/@vite/client:1034
[  331336ms] [ERROR] WebSocket connection to 'ws://[::1]:5173/build/' failed: Error in connection establishment: net::ERR_CONNECTION_REFUSED @ http://[::1]:5173/build/@vite/client:1034
[  332339ms] [ERROR] WebSocket connection to 'ws://[::1]:5173/build/' failed: Error in connection establishment: net::ERR_CONNECTION_REFUSED @ http://[::1]:5173/build/@vite/client:1034
[  333342ms] [ERROR] WebSocket connection to 'ws://[::1]:5173/build/' failed: Error in connection establishment: net::ERR_CONNECTION_REFUSED @ http://[::1]:5173/build/@vite/client:1034
[  334347ms] [ERROR] WebSocket connection to 'ws://[::1]:5173/build/' failed: Error in connection establishment: net::ERR_CONNECTION_REFUSED @ http://[::1]:5173/build/@vite/client:1034
[  335355ms] [ERROR] WebSocket connection to 'ws://[::1]:5173/build/' failed: Error in connection establishment: net::ERR_CONNECTION_REFUSED @ http://[::1]:5173/build/@vite/client:1034
[  336369ms] [ERROR] WebSocket connection to 'ws://[::1]:5173/build/' failed: Error in connection establishment: net::ERR_CONNECTION_REFUSED @ http://[::1]:5173/build/@vite/client:1034
[  337605ms] [ERROR] Failed to load resource: net::ERR_CONNECTION_REFUSED @ http://localhost/images/hero-bg-sman1baleendah.jpeg:0
[  339521ms] [INFO] %cDownload the React DevTools for a better development experience: https://reactjs.org/link/react-devtools font-weight:bold @ http://[::1]:5173/build/node_modules/.vite/deps/chunk-KDCVS43I.js?v=c9d783c0:21608
[  339549ms] [ERROR] Failed to load resource: net::ERR_CONNECTION_REFUSED @ http://localhost/favicon.ico:0
[  339580ms] [WARNING] ChatWidget: usePage() not available, using default site name @ http://[::1]:5173/build/resources/js/Components/ChatWidget.jsx:51
[  339602ms] [WARNING] ChatWidget: usePage() not available, using default site name @ http://[::1]:5173/build/resources/js/Components/ChatWidget.jsx:51
[  339606ms] [ERROR] Failed to load resource: net::ERR_CONNECTION_REFUSED @ http://localhost/favicon.ico:0
[  339619ms] [ERROR] Failed to load resource: net::ERR_CONNECTION_REFUSED @ http://localhost/favicon.ico:0
[  339619ms] [ERROR] Failed to load resource: net::ERR_CONNECTION_REFUSED @ http://localhost/favicon.ico:0
[  339619ms] [ERROR] Failed to load resource: net::ERR_CONNECTION_REFUSED @ http://localhost/favicon.ico:0
[  339622ms] [ERROR] Failed to load resource: net::ERR_CONNECTION_REFUSED @ http://localhost/favicon.ico:0
[  342648ms] [WARNING] The resource http://localhost/images/hero-bg-sman1baleendah.jpeg was preloaded using link preload but not used within a few seconds from the window's load event. Please make sure it has an appropriate `as` value and it is preloaded intentionally. @ http://localhost:8000/:0
